<?xml version="1.0" encoding="UTF-8"?>
<!-- Generated by org.testng.reporters.JUnitXMLReporter -->
<testsuite hostname="DESKTOP-PKK9C8H" name="Default test" tests="4" failures="0" timestamp="30 Aug 2021 12:42:31 GMT" time="0.125" errors="0">
  <testcase name="createuser" time="0.032" classname="automationpractice1111.TestNG"/>
  <testcase name="modifyuser" time="0.003" classname="automationpractice1111.TestNG"/>
  <testcase name="userdeleted" time="0.002" classname="automationpractice1111.TestNG"/>
  <testcase name="userrename" time="0.005" classname="automationpractice1111.TestNG"/>
</testsuite> <!-- Default test -->
