<?xml version="1.0" encoding="UTF-8"?>
<testng-results skipped="0" failed="0" total="4" passed="4">
  <reporter-output>
  </reporter-output>
  <suite name="Default suite" duration-ms="125" started-at="2021-08-30T12:42:31Z" finished-at="2021-08-30T12:42:31Z">
    <groups>
    </groups>
    <test name="Default test" duration-ms="125" started-at="2021-08-30T12:42:31Z" finished-at="2021-08-30T12:42:31Z">
      <class name="automationpractice1111.TestNG">
        <test-method status="PASS" signature="createuser()[pri:0, instance:automationpractice1111.TestNG@3aa9e816]" name="createuser" duration-ms="32" started-at="2021-08-30T18:12:31Z" finished-at="2021-08-30T18:12:31Z">
          <reporter-output>
          </reporter-output>
        </test-method> <!-- createuser -->
        <test-method status="PASS" signature="modifyuser()[pri:0, instance:automationpractice1111.TestNG@3aa9e816]" name="modifyuser" duration-ms="3" started-at="2021-08-30T18:12:31Z" finished-at="2021-08-30T18:12:31Z">
          <reporter-output>
          </reporter-output>
        </test-method> <!-- modifyuser -->
        <test-method status="PASS" signature="userdeleted()[pri:0, instance:automationpractice1111.TestNG@3aa9e816]" name="userdeleted" duration-ms="2" started-at="2021-08-30T18:12:31Z" finished-at="2021-08-30T18:12:31Z">
          <reporter-output>
          </reporter-output>
        </test-method> <!-- userdeleted -->
        <test-method status="PASS" signature="userrename()[pri:0, instance:automationpractice1111.TestNG@3aa9e816]" name="userrename" duration-ms="5" started-at="2021-08-30T18:12:31Z" finished-at="2021-08-30T18:12:31Z">
          <reporter-output>
          </reporter-output>
        </test-method> <!-- userrename -->
      </class> <!-- automationpractice1111.TestNG -->
    </test> <!-- Default test -->
  </suite> <!-- Default suite -->
</testng-results>
